<?xml version="1.0" encoding="UTF-8"?>
<testng-results ignored="0" total="3" passed="2" failed="1" skipped="0">
  <reporter-output>
  </reporter-output>
  <suite started-at="2020-11-03T21:57:05 EST" name="Default suite" finished-at="2020-11-03T21:57:30 EST" duration-ms="25256">
    <groups>
    </groups>
    <test started-at="2020-11-03T21:57:05 EST" name="Default test" finished-at="2020-11-03T21:57:30 EST" duration-ms="25256">
      <class name="com.test.OrangeHRMTest">
        <test-method is-config="true" signature="beforeSuite()[pri:0, instance:com.test.OrangeHRMTest@147ed70f]" started-at="2020-11-03T21:57:05 EST" name="beforeSuite" finished-at="2020-11-03T21:57:05 EST" duration-ms="324" status="PASS">
          <reporter-output>
          </reporter-output>
        </test-method> <!-- beforeSuite -->
        <test-method is-config="true" signature="setUp()[pri:0, instance:com.test.OrangeHRMTest@147ed70f]" started-at="2020-11-03T21:57:05 EST" name="setUp" finished-at="2020-11-03T21:57:15 EST" duration-ms="9999" status="PASS">
          <reporter-output>
          </reporter-output>
        </test-method> <!-- setUp -->
        <test-method signature="Samplecase()[pri:0, instance:com.test.OrangeHRMTest@147ed70f]" started-at="2020-11-03T21:57:15 EST" name="Samplecase" finished-at="2020-11-03T21:57:15 EST" duration-ms="13" status="FAIL">
          <exception class="java.lang.NullPointerException">
            <message>
              <![CDATA[Cannot invoke "com.aventstack.extentreports.ExtentTest.createNode(String)" because "com.extentManager.ExtentManager.test" is null]]>
            </message>
            <full-stacktrace>
              <![CDATA[java.lang.NullPointerException: Cannot invoke "com.aventstack.extentreports.ExtentTest.createNode(String)" because "com.extentManager.ExtentManager.test" is null
at com.test.OrangeHRMTest.Samplecase(OrangeHRMTest.java:34)
at java.base/jdk.internal.reflect.NativeMethodAccessorImpl.invoke0(Native Method)
at java.base/jdk.internal.reflect.NativeMethodAccessorImpl.invoke(NativeMethodAccessorImpl.java:64)
at java.base/jdk.internal.reflect.DelegatingMethodAccessorImpl.invoke(DelegatingMethodAccessorImpl.java:43)
at java.base/java.lang.reflect.Method.invoke(Method.java:564)
at org.testng.internal.MethodInvocationHelper.invokeMethod(MethodInvocationHelper.java:133)
at org.testng.internal.TestInvoker.invokeMethod(TestInvoker.java:584)
at org.testng.internal.TestInvoker.invokeTestMethod(TestInvoker.java:172)
at org.testng.internal.MethodRunner.runInSequence(MethodRunner.java:46)
at org.testng.internal.TestInvoker$MethodInvocationAgent.invoke(TestInvoker.java:804)
at org.testng.internal.TestInvoker.invokeTestMethods(TestInvoker.java:145)
at org.testng.internal.TestMethodWorker.invokeTestMethods(TestMethodWorker.java:146)
at org.testng.internal.TestMethodWorker.run(TestMethodWorker.java:128)
at java.base/java.util.ArrayList.forEach(ArrayList.java:1511)
at org.testng.TestRunner.privateRun(TestRunner.java:770)
at org.testng.TestRunner.run(TestRunner.java:591)
at org.testng.SuiteRunner.runTest(SuiteRunner.java:402)
at org.testng.SuiteRunner.runSequentially(SuiteRunner.java:396)
at org.testng.SuiteRunner.privateRun(SuiteRunner.java:355)
at org.testng.SuiteRunner.run(SuiteRunner.java:304)
at org.testng.SuiteRunnerWorker.runSuite(SuiteRunnerWorker.java:53)
at org.testng.SuiteRunnerWorker.run(SuiteRunnerWorker.java:96)
at org.testng.TestNG.runSuitesSequentially(TestNG.java:1180)
at org.testng.TestNG.runSuitesLocally(TestNG.java:1102)
at org.testng.TestNG.runSuites(TestNG.java:1032)
at org.testng.TestNG.run(TestNG.java:1000)
at org.testng.remote.AbstractRemoteTestNG.run(AbstractRemoteTestNG.java:115)
at org.testng.remote.RemoteTestNG.initAndRun(RemoteTestNG.java:251)
at org.testng.remote.RemoteTestNG.main(RemoteTestNG.java:77)
]]>
            </full-stacktrace>
          </exception> <!-- java.lang.NullPointerException -->
          <reporter-output>
          </reporter-output>
        </test-method> <!-- Samplecase -->
        <test-method is-config="true" signature="tearDown()[pri:0, instance:com.test.OrangeHRMTest@147ed70f]" started-at="2020-11-03T21:57:15 EST" name="tearDown" finished-at="2020-11-03T21:57:15 EST" duration-ms="262" status="PASS">
          <reporter-output>
          </reporter-output>
        </test-method> <!-- tearDown -->
        <test-method is-config="true" signature="setUp()[pri:0, instance:com.test.OrangeHRMTest@147ed70f]" started-at="2020-11-03T21:57:15 EST" name="setUp" finished-at="2020-11-03T21:57:22 EST" duration-ms="6640" status="PASS">
          <reporter-output>
          </reporter-output>
        </test-method> <!-- setUp -->
        <test-method signature="loginPageTest()[pri:0, instance:com.test.OrangeHRMTest@147ed70f]" started-at="2020-11-03T21:57:22 EST" name="loginPageTest" finished-at="2020-11-03T21:57:22 EST" duration-ms="96" status="PASS">
          <reporter-output>
          </reporter-output>
        </test-method> <!-- loginPageTest -->
        <test-method is-config="true" signature="tearDown()[pri:0, instance:com.test.OrangeHRMTest@147ed70f]" started-at="2020-11-03T21:57:22 EST" name="tearDown" finished-at="2020-11-03T21:57:22 EST" duration-ms="99" status="PASS">
          <reporter-output>
          </reporter-output>
        </test-method> <!-- tearDown -->
        <test-method is-config="true" signature="setUp()[pri:0, instance:com.test.OrangeHRMTest@147ed70f]" started-at="2020-11-03T21:57:22 EST" name="setUp" finished-at="2020-11-03T21:57:28 EST" duration-ms="6492" status="PASS">
          <reporter-output>
          </reporter-output>
        </test-method> <!-- setUp -->
        <test-method signature="loginTest()[pri:0, instance:com.test.OrangeHRMTest@147ed70f]" started-at="2020-11-03T21:57:28 EST" name="loginTest" finished-at="2020-11-03T21:57:30 EST" duration-ms="1496" status="PASS">
          <reporter-output>
          </reporter-output>
        </test-method> <!-- loginTest -->
        <test-method is-config="true" signature="tearDown()[pri:0, instance:com.test.OrangeHRMTest@147ed70f]" started-at="2020-11-03T21:57:30 EST" name="tearDown" finished-at="2020-11-03T21:57:30 EST" duration-ms="118" status="PASS">
          <reporter-output>
          </reporter-output>
        </test-method> <!-- tearDown -->
        <test-method is-config="true" signature="AfterSuite()[pri:0, instance:com.test.OrangeHRMTest@147ed70f]" started-at="2020-11-03T21:57:31 EST" name="AfterSuite" finished-at="2020-11-03T21:57:31 EST" duration-ms="495" status="PASS">
          <reporter-output>
          </reporter-output>
        </test-method> <!-- AfterSuite -->
      </class> <!-- com.test.OrangeHRMTest -->
    </test> <!-- Default test -->
  </suite> <!-- Default suite -->
</testng-results>
