<?xml version="1.0" encoding="UTF-8"?>
<testng-results ignored="0" total="3" passed="2" failed="1" skipped="0">
  <reporter-output>
  </reporter-output>
  <suite started-at="2020-10-15T19:37:19 EDT" name="Suite" finished-at="2020-10-15T19:37:42 EDT" duration-ms="22954">
    <groups>
    </groups>
    <test started-at="2020-10-15T19:37:19 EDT" name="Test" finished-at="2020-10-15T19:37:42 EDT" duration-ms="22954">
      <class name="com.webappsecurity.zero.Testscripts.VerifyInvalidLoginText">
        <test-method is-config="true" signature="openApplication()[pri:0, instance:com.webappsecurity.zero.Testscripts.VerifyInvalidLoginText@1460a8c0]" started-at="2020-10-15T19:37:19 EDT" name="openApplication" finished-at="2020-10-15T19:37:25 EDT" duration-ms="6853" status="PASS">
          <reporter-output>
          </reporter-output>
        </test-method> <!-- openApplication -->
        <test-method signature="verifyInValidLogin()[pri:0, instance:com.webappsecurity.zero.Testscripts.VerifyInvalidLoginText@1460a8c0]" started-at="2020-10-15T19:37:26 EDT" name="verifyInValidLogin" finished-at="2020-10-15T19:37:26 EDT" duration-ms="591" status="PASS">
          <reporter-output>
          </reporter-output>
        </test-method> <!-- verifyInValidLogin -->
        <test-method is-config="true" signature="closeApplication()[pri:0, instance:com.webappsecurity.zero.Testscripts.VerifyInvalidLoginText@1460a8c0]" started-at="2020-10-15T19:37:26 EDT" name="closeApplication" finished-at="2020-10-15T19:37:26 EDT" duration-ms="154" status="PASS">
          <reporter-output>
          </reporter-output>
        </test-method> <!-- closeApplication -->
      </class> <!-- com.webappsecurity.zero.Testscripts.VerifyInvalidLoginText -->
      <class name="com.webappsecurity.zero.Testscripts.verifyFundTransferTest">
        <test-method is-config="true" signature="openApplication()[pri:0, instance:com.webappsecurity.zero.Testscripts.verifyFundTransferTest@4387b79e]" started-at="2020-10-15T19:37:33 EDT" name="openApplication" finished-at="2020-10-15T19:37:40 EDT" duration-ms="6980" status="PASS">
          <reporter-output>
          </reporter-output>
        </test-method> <!-- openApplication -->
        <test-method signature="fundTransfer()[pri:0, instance:com.webappsecurity.zero.Testscripts.verifyFundTransferTest@4387b79e]" started-at="2020-10-15T19:37:40 EDT" name="fundTransfer" finished-at="2020-10-15T19:37:41 EDT" duration-ms="1025" status="FAIL">
          <exception class="java.lang.UnsupportedOperationException">
            <message>
              <![CDATA[You may only deselect options of a multi-select]]>
            </message>
            <full-stacktrace>
              <![CDATA[java.lang.UnsupportedOperationException: You may only deselect options of a multi-select
at org.openqa.selenium.support.ui.Select.deselectByIndex(Select.java:244)
at com.webappsecurity.zero.pages.TransferFundsPage.transferFunds(TransferFundsPage.java:35)
at com.webappsecurity.zero.Testscripts.verifyFundTransferTest.fundTransfer(verifyFundTransferTest.java:30)
at java.base/jdk.internal.reflect.NativeMethodAccessorImpl.invoke0(Native Method)
at java.base/jdk.internal.reflect.NativeMethodAccessorImpl.invoke(NativeMethodAccessorImpl.java:64)
at java.base/jdk.internal.reflect.DelegatingMethodAccessorImpl.invoke(DelegatingMethodAccessorImpl.java:43)
at java.base/java.lang.reflect.Method.invoke(Method.java:564)
at org.testng.internal.MethodInvocationHelper.invokeMethod(MethodInvocationHelper.java:133)
at org.testng.internal.TestInvoker.invokeMethod(TestInvoker.java:584)
at org.testng.internal.TestInvoker.invokeTestMethod(TestInvoker.java:172)
at org.testng.internal.MethodRunner.runInSequence(MethodRunner.java:46)
at org.testng.internal.TestInvoker$MethodInvocationAgent.invoke(TestInvoker.java:804)
at org.testng.internal.TestInvoker.invokeTestMethods(TestInvoker.java:145)
at org.testng.internal.TestMethodWorker.invokeTestMethods(TestMethodWorker.java:146)
at org.testng.internal.TestMethodWorker.run(TestMethodWorker.java:128)
at java.base/java.util.ArrayList.forEach(ArrayList.java:1511)
at org.testng.TestRunner.privateRun(TestRunner.java:770)
at org.testng.TestRunner.run(TestRunner.java:591)
at org.testng.SuiteRunner.runTest(SuiteRunner.java:402)
at org.testng.SuiteRunner.runSequentially(SuiteRunner.java:396)
at org.testng.SuiteRunner.privateRun(SuiteRunner.java:355)
at org.testng.SuiteRunner.run(SuiteRunner.java:304)
at org.testng.SuiteRunnerWorker.runSuite(SuiteRunnerWorker.java:53)
at org.testng.SuiteRunnerWorker.run(SuiteRunnerWorker.java:96)
at org.testng.TestNG.runSuitesSequentially(TestNG.java:1180)
at org.testng.TestNG.runSuitesLocally(TestNG.java:1102)
at org.testng.TestNG.runSuites(TestNG.java:1032)
at org.testng.TestNG.run(TestNG.java:1000)
at org.testng.remote.AbstractRemoteTestNG.run(AbstractRemoteTestNG.java:115)
at org.testng.remote.RemoteTestNG.initAndRun(RemoteTestNG.java:251)
at org.testng.remote.RemoteTestNG.main(RemoteTestNG.java:77)
]]>
            </full-stacktrace>
          </exception> <!-- java.lang.UnsupportedOperationException -->
          <reporter-output>
          </reporter-output>
        </test-method> <!-- fundTransfer -->
        <test-method is-config="true" signature="closeApplication()[pri:0, instance:com.webappsecurity.zero.Testscripts.verifyFundTransferTest@4387b79e]" started-at="2020-10-15T19:37:41 EDT" name="closeApplication" finished-at="2020-10-15T19:37:42 EDT" duration-ms="106" status="PASS">
          <reporter-output>
          </reporter-output>
        </test-method> <!-- closeApplication -->
      </class> <!-- com.webappsecurity.zero.Testscripts.verifyFundTransferTest -->
      <class name="com.webappsecurity.zero.Testscripts.VerifyValidLoginTest">
        <test-method is-config="true" signature="openApplication()[pri:0, instance:com.webappsecurity.zero.Testscripts.VerifyValidLoginTest@4f638935]" started-at="2020-10-15T19:37:26 EDT" name="openApplication" finished-at="2020-10-15T19:37:32 EDT" duration-ms="6029" status="PASS">
          <reporter-output>
          </reporter-output>
        </test-method> <!-- openApplication -->
        <test-method signature="verifyValidLogin()[pri:0, instance:com.webappsecurity.zero.Testscripts.VerifyValidLoginTest@4f638935]" started-at="2020-10-15T19:37:32 EDT" name="verifyValidLogin" finished-at="2020-10-15T19:37:33 EDT" duration-ms="997" status="PASS">
          <reporter-output>
          </reporter-output>
        </test-method> <!-- verifyValidLogin -->
        <test-method is-config="true" signature="closeApplication()[pri:0, instance:com.webappsecurity.zero.Testscripts.VerifyValidLoginTest@4f638935]" started-at="2020-10-15T19:37:33 EDT" name="closeApplication" finished-at="2020-10-15T19:37:33 EDT" duration-ms="151" status="PASS">
          <reporter-output>
          </reporter-output>
        </test-method> <!-- closeApplication -->
      </class> <!-- com.webappsecurity.zero.Testscripts.VerifyValidLoginTest -->
    </test> <!-- Test -->
  </suite> <!-- Suite -->
</testng-results>
