<?xml version="1.0" encoding="UTF-8"?>
<!-- Generated by org.testng.reporters.JUnitXMLReporter -->
<testsuite ignored="0" hostname="Tor_IT_22" failures="1" tests="3" name="Test" time="22.954" errors="0" timestamp="2020-10-15T19:37:42 EDT">
  <testcase classname="com.webappsecurity.zero.Testscripts.VerifyInvalidLoginText" name="verifyInValidLogin" time="0.591"/>
  <testcase classname="com.webappsecurity.zero.Testscripts.VerifyValidLoginTest" name="verifyValidLogin" time="0.997"/>
  <testcase classname="com.webappsecurity.zero.Testscripts.verifyFundTransferTest" name="fundTransfer" time="1.025">
    <failure type="java.lang.UnsupportedOperationException" message="You may only deselect options of a multi-select">
      <![CDATA[java.lang.UnsupportedOperationException: You may only deselect options of a multi-select
at org.openqa.selenium.support.ui.Select.deselectByIndex(Select.java:244)
at com.webappsecurity.zero.pages.TransferFundsPage.transferFunds(TransferFundsPage.java:35)
at com.webappsecurity.zero.Testscripts.verifyFundTransferTest.fundTransfer(verifyFundTransferTest.java:30)
at java.base/java.util.ArrayList.forEach(ArrayList.java:1511)
... Removed 27 stack frames]]>
    </failure>
  </testcase> <!-- fundTransfer -->
</testsuite> <!-- Test -->
